<?xml version="1.0" encoding="UTF-8"?>
<!-- Generated by org.testng.reporters.JUnitReportReporter -->
<testsuite hostname="MacBook-Pro-Marina.local" failures="0" tests="3" name="tests.LoginTests" time="18.249" errors="0" timestamp="2019-10-31T03:20:07 MSK" skipped="0">
  <testcase classname="tests.LoginTests" name="registerUser" time="8.864"/>
  <testcase classname="tests.LoginTests" name="loginWithWrongCredentials" time="2.588"/>
  <testcase classname="tests.LoginTests" name="loginWithValidCredentials" time="6.797"/>
</testsuite> <!-- tests.LoginTests -->
