<?xml version="1.0" encoding="UTF-8"?>
<!-- Generated by org.testng.reporters.JUnitReportReporter -->
<testsuite hostname="MacBook-Pro-Marina.local" failures="0" tests="3" name="tests.LibraryApiTests" time="10.800" errors="0" timestamp="2019-10-31T03:20:07 MSK" skipped="0">
  <testcase classname="tests.LibraryApiTests" name="getBooks" time="5.440"/>
  <testcase classname="tests.LibraryApiTests" name="addBook" time="0.002"/>
  <testcase classname="tests.LibraryApiTests" name="updateBook" time="5.358"/>
</testsuite> <!-- tests.LibraryApiTests -->
