<?xml version="1.0" encoding="UTF-8"?>
<!-- Generated by org.testng.reporters.JUnitReportReporter -->
<testsuite hostname="MacBook-Pro-Marina.local" failures="0" tests="3" name="tests.LoginTests" time="12.689" errors="0" timestamp="2019-10-31T03:51:58 MSK" skipped="0">
  <testcase classname="tests.LoginTests" name="loginWithWrongCredentials" time="2.136"/>
  <testcase classname="tests.LoginTests" name="registerUser" time="3.654"/>
  <testcase classname="tests.LoginTests" name="loginWithValidCredentials" time="6.899"/>
</testsuite> <!-- tests.LoginTests -->
